<?xml version="1.0" encoding="UTF-8"?>
<!-- Generated by org.testng.reporters.JUnitReportReporter -->
<testsuite skipped="0" hostname="ATMECSINLT-065" name="com.atmecs.script.BlogScript" tests="1" failures="0" timestamp="27 Sep 2019 14:24:35 GMT" time="12.587" errors="0">
  <testcase name="blogSc" time="12.587" classname="com.atmecs.script.BlogScript"/>
</testsuite> <!-- com.atmecs.script.BlogScript -->
