<?xml version="1.0" encoding="UTF-8"?>
<!-- Generated by org.testng.reporters.JUnitReportReporter -->
<testsuite skipped="0" hostname="ATMECSINLT-065" name="com.atmecs.script.ContextMenuScript" tests="1" failures="0" timestamp="2019-09-27T10:33:38 IST" time="10.691" errors="0">
  <testcase name="context" time="10.691" classname="com.atmecs.script.ContextMenuScript"/>
</testsuite> <!-- com.atmecs.script.ContextMenuScript -->
